<?xml version="1.0" encoding="UTF-8"?>
<testng-results ignored="3" total="4" passed="1" failed="0" skipped="0">
  <reporter-output>
  </reporter-output>
  <suite started-at="2025-03-19T13:21:49 IST" name="Default suite" finished-at="2025-03-19T13:22:00 IST" duration-ms="11945">
    <groups>
    </groups>
    <test started-at="2025-03-19T13:21:49 IST" name="Default test" finished-at="2025-03-19T13:22:00 IST" duration-ms="11945">
      <class name="com.qa.opencart.tests.LoginPageTest">
        <test-method is-config="true" signature="setUp()[pri:0, instance:com.qa.opencart.tests.LoginPageTest@1c33c17b]" started-at="2025-03-19T13:21:49 IST" name="setUp" finished-at="2025-03-19T13:21:55 IST" duration-ms="6170" status="PASS">
          <reporter-output>
          </reporter-output>
        </test-method> <!-- setUp -->
        <test-method signature="loginTest()[pri:4, instance:com.qa.opencart.tests.LoginPageTest@1c33c17b]" started-at="2025-03-19T13:21:55 IST" name="loginTest" finished-at="2025-03-19T13:22:00 IST" duration-ms="4977" status="PASS">
          <reporter-output>
          </reporter-output>
        </test-method> <!-- loginTest -->
        <test-method is-config="true" signature="teardown()[pri:0, instance:com.qa.opencart.tests.LoginPageTest@1c33c17b]" started-at="2025-03-19T13:22:00 IST" name="teardown" finished-at="2025-03-19T13:22:00 IST" duration-ms="265" status="PASS">
          <reporter-output>
          </reporter-output>
        </test-method> <!-- teardown -->
      </class> <!-- com.qa.opencart.tests.LoginPageTest -->
    </test> <!-- Default test -->
  </suite> <!-- Default suite -->
</testng-results>
