<?xml version="1.0" encoding="UTF-8"?>
<testng-results ignored="0" total="9" passed="9" failed="0" skipped="0">
  <reporter-output>
  </reporter-output>
  <suite started-at="2025-03-17T16:11:06 IST" name="Default suite" finished-at="2025-03-17T16:11:42 IST" duration-ms="36162">
    <groups>
    </groups>
    <test started-at="2025-03-17T16:11:06 IST" name="Default test" finished-at="2025-03-17T16:11:42 IST" duration-ms="36162">
      <class name="com.qa.opencart.tests.ProductInfoPageTest">
        <test-method is-config="true" signature="setUp()[pri:0, instance:com.qa.opencart.tests.ProductInfoPageTest@64bce832]" started-at="2025-03-17T16:11:06 IST" name="setUp" finished-at="2025-03-17T16:11:16 IST" duration-ms="10168" status="PASS">
          <reporter-output>
          </reporter-output>
        </test-method> <!-- setUp -->
        <test-method is-config="true" signature="producInfoPageSetup()[pri:0, instance:com.qa.opencart.tests.ProductInfoPageTest@64bce832]" started-at="2025-03-17T16:11:16 IST" name="producInfoPageSetup" finished-at="2025-03-17T16:11:18 IST" duration-ms="1592" status="PASS">
          <reporter-output>
          </reporter-output>
        </test-method> <!-- producInfoPageSetup -->
        <test-method signature="addToCartMultipleProductTest(java.lang.String,java.lang.String,int)[pri:0, instance:com.qa.opencart.tests.ProductInfoPageTest@64bce832]" started-at="2025-03-17T16:11:18 IST" name="addToCartMultipleProductTest" data-provider="getAddToCartTestData" finished-at="2025-03-17T16:11:21 IST" duration-ms="3317" status="PASS">
          <params>
            <param index="0">
              <value>
                <![CDATA[MacBook]]>
              </value>
            </param>
            <param index="1">
              <value>
                <![CDATA[MacBook Pro]]>
              </value>
            </param>
            <param index="2">
              <value>
                <![CDATA[1]]>
              </value>
            </param>
          </params>
          <reporter-output>
          </reporter-output>
        </test-method> <!-- addToCartMultipleProductTest -->
        <test-method signature="addToCartMultipleProductTest(java.lang.String,java.lang.String,int)[pri:0, instance:com.qa.opencart.tests.ProductInfoPageTest@64bce832]" started-at="2025-03-17T16:11:22 IST" name="addToCartMultipleProductTest" data-provider="getAddToCartTestData" finished-at="2025-03-17T16:11:24 IST" duration-ms="2573" status="PASS">
          <params>
            <param index="0">
              <value>
                <![CDATA[MacBook]]>
              </value>
            </param>
            <param index="1">
              <value>
                <![CDATA[MacBook Air]]>
              </value>
            </param>
            <param index="2">
              <value>
                <![CDATA[2]]>
              </value>
            </param>
          </params>
          <reporter-output>
          </reporter-output>
        </test-method> <!-- addToCartMultipleProductTest -->
        <test-method signature="addToCartMultipleProductTest(java.lang.String,java.lang.String,int)[pri:0, instance:com.qa.opencart.tests.ProductInfoPageTest@64bce832]" started-at="2025-03-17T16:11:24 IST" name="addToCartMultipleProductTest" data-provider="getAddToCartTestData" finished-at="2025-03-17T16:11:27 IST" duration-ms="3188" status="PASS">
          <params>
            <param index="0">
              <value>
                <![CDATA[iMac]]>
              </value>
            </param>
            <param index="1">
              <value>
                <![CDATA[iMac]]>
              </value>
            </param>
            <param index="2">
              <value>
                <![CDATA[3]]>
              </value>
            </param>
          </params>
          <reporter-output>
          </reporter-output>
        </test-method> <!-- addToCartMultipleProductTest -->
        <test-method signature="addToCartSingleProductTest()[pri:0, instance:com.qa.opencart.tests.ProductInfoPageTest@64bce832]" started-at="2025-03-17T16:11:27 IST" name="addToCartSingleProductTest" finished-at="2025-03-17T16:11:31 IST" duration-ms="3810" status="PASS">
          <reporter-output>
          </reporter-output>
        </test-method> <!-- addToCartSingleProductTest -->
        <test-method signature="productImagecountTest(java.lang.String,java.lang.String,int)[pri:0, instance:com.qa.opencart.tests.ProductInfoPageTest@64bce832]" started-at="2025-03-17T16:11:31 IST" name="productImagecountTest" data-provider="getProductImagesTestData" finished-at="2025-03-17T16:11:33 IST" duration-ms="1797" status="PASS">
          <params>
            <param index="0">
              <value>
                <![CDATA[MacBook]]>
              </value>
            </param>
            <param index="1">
              <value>
                <![CDATA[MacBook Pro]]>
              </value>
            </param>
            <param index="2">
              <value>
                <![CDATA[4]]>
              </value>
            </param>
          </params>
          <reporter-output>
          </reporter-output>
        </test-method> <!-- productImagecountTest -->
        <test-method signature="productImagecountTest(java.lang.String,java.lang.String,int)[pri:0, instance:com.qa.opencart.tests.ProductInfoPageTest@64bce832]" started-at="2025-03-17T16:11:33 IST" name="productImagecountTest" data-provider="getProductImagesTestData" finished-at="2025-03-17T16:11:35 IST" duration-ms="1640" status="PASS">
          <params>
            <param index="0">
              <value>
                <![CDATA[MacBook]]>
              </value>
            </param>
            <param index="1">
              <value>
                <![CDATA[MacBook Air]]>
              </value>
            </param>
            <param index="2">
              <value>
                <![CDATA[4]]>
              </value>
            </param>
          </params>
          <reporter-output>
          </reporter-output>
        </test-method> <!-- productImagecountTest -->
        <test-method signature="productImagecountTest(java.lang.String,java.lang.String,int)[pri:0, instance:com.qa.opencart.tests.ProductInfoPageTest@64bce832]" started-at="2025-03-17T16:11:35 IST" name="productImagecountTest" data-provider="getProductImagesTestData" finished-at="2025-03-17T16:11:36 IST" duration-ms="1598" status="PASS">
          <params>
            <param index="0">
              <value>
                <![CDATA[iMac]]>
              </value>
            </param>
            <param index="1">
              <value>
                <![CDATA[iMac]]>
              </value>
            </param>
            <param index="2">
              <value>
                <![CDATA[3]]>
              </value>
            </param>
          </params>
          <reporter-output>
          </reporter-output>
        </test-method> <!-- productImagecountTest -->
        <test-method signature="productImagecountTest(java.lang.String,java.lang.String,int)[pri:0, instance:com.qa.opencart.tests.ProductInfoPageTest@64bce832]" started-at="2025-03-17T16:11:37 IST" name="productImagecountTest" data-provider="getProductImagesTestData" finished-at="2025-03-17T16:11:39 IST" duration-ms="2869" status="PASS">
          <params>
            <param index="0">
              <value>
                <![CDATA[Apple]]>
              </value>
            </param>
            <param index="1">
              <value>
                <![CDATA[Apple Cinema 30"]]>
              </value>
            </param>
            <param index="2">
              <value>
                <![CDATA[6]]>
              </value>
            </param>
          </params>
          <reporter-output>
          </reporter-output>
        </test-method> <!-- productImagecountTest -->
        <test-method signature="productInfoTest()[pri:0, instance:com.qa.opencart.tests.ProductInfoPageTest@64bce832]" started-at="2025-03-17T16:11:39 IST" name="productInfoTest" finished-at="2025-03-17T16:11:41 IST" duration-ms="1853" status="PASS">
          <reporter-output>
          </reporter-output>
        </test-method> <!-- productInfoTest -->
        <test-method is-config="true" signature="teardown()[pri:0, instance:com.qa.opencart.tests.ProductInfoPageTest@64bce832]" started-at="2025-03-17T16:11:41 IST" name="teardown" finished-at="2025-03-17T16:11:42 IST" duration-ms="681" status="PASS">
          <reporter-output>
          </reporter-output>
        </test-method> <!-- teardown -->
      </class> <!-- com.qa.opencart.tests.ProductInfoPageTest -->
    </test> <!-- Default test -->
  </suite> <!-- Default suite -->
</testng-results>
